<?xml version="1.0" encoding="UTF-8"?>
<!-- Generated by org.testng.reporters.JUnitReportReporter -->
<testsuite hostname="Saras-MacBook-Pro.local" failures="0" tests="1" name="com.reportsExample.qs.SearchChiffonDresses" time="2.292" errors="0" timestamp="2021-09-01T22:07:59 CDT" skipped="0">
  <testcase classname="com.reportsExample.qs.SearchChiffonDresses" name="search_ChiffonDresses" time="2.292"/>
  <system-out/>
</testsuite> <!-- com.reportsExample.qs.SearchChiffonDresses -->
