<?xml version="1.0" encoding="UTF-8"?>
<!-- Generated by org.testng.reporters.JUnitReportReporter -->
<testsuite hostname="Saras-MacBook-Pro.local" failures="0" tests="1" name="com.reportsExample.qs.SearchSummerDresses" time="2.133" errors="0" timestamp="2021-09-01T22:07:59 CDT" skipped="0">
  <testcase classname="com.reportsExample.qs.SearchSummerDresses" name="search_SummerDresses" time="2.133"/>
  <system-out/>
</testsuite> <!-- com.reportsExample.qs.SearchSummerDresses -->
